[21-Feb-2026 12:19:00 Europe/Moscow] Slim Application Error
Type: TypeError
Code: 0
Message: App\Services\RequestService::takeRequest(): Argument #2 ($masterId) must be of type int, null given, called in C:\Apache24\htdocs\repair-service\app\controllers\RequestController.php on line 74
File: C:\Apache24\htdocs\repair-service\app\services\RequestService.php
Line: 65
Trace: #0 C:\Apache24\htdocs\repair-service\app\controllers\RequestController.php(74): App\Services\RequestService->takeRequest(2, NULL)
#1 C:\Apache24\htdocs\repair-service\vendor\slim\slim\Slim\Handlers\Strategies\RequestResponse.php(39): App\Controllers\RequestController->take(Object(Slim\Psr7\Request), Object(Slim\Psr7\Response), Array)
#2 C:\Apache24\htdocs\repair-service\vendor\slim\slim\Slim\Routing\Route.php(362): Slim\Handlers\Strategies\RequestResponse->__invoke(Array, Object(Slim\Psr7\Request), Object(Slim\Psr7\Response), Array)
#3 C:\Apache24\htdocs\repair-service\vendor\slim\slim\Slim\MiddlewareDispatcher.php(73): Slim\Routing\Route->handle(Object(Slim\Psr7\Request))
#4 C:\Apache24\htdocs\repair-service\vendor\slim\slim\Slim\MiddlewareDispatcher.php(73): Slim\MiddlewareDispatcher->handle(Object(Slim\Psr7\Request))
#5 C:\Apache24\htdocs\repair-service\vendor\slim\slim\Slim\Routing\Route.php(321): Slim\MiddlewareDispatcher->handle(Object(Slim\Psr7\Request))
#6 C:\Apache24\htdocs\repair-service\vendor\slim\slim\Slim\Routing\RouteRunner.php(74): Slim\Routing\Route->run(Object(Slim\Psr7\Request))
#7 C:\Apache24\htdocs\repair-service\app\middleware\SessionMiddleware.php(44): Slim\Routing\RouteRunner->handle(Object(Slim\Psr7\Request))
#8 C:\Apache24\htdocs\repair-service\vendor\slim\slim\Slim\MiddlewareDispatcher.php(283): App\Middleware\SessionMiddleware->__invoke(Object(Slim\Psr7\Request), Object(Slim\Routing\RouteRunner))
#9 C:\Apache24\htdocs\repair-service\vendor\slim\slim\Slim\Middleware\BodyParsingMiddleware.php(64): Psr\Http\Server\RequestHandlerInterface@anonymous->handle(Object(Slim\Psr7\Request))
#10 C:\Apache24\htdocs\repair-service\vendor\slim\slim\Slim\MiddlewareDispatcher.php(129): Slim\Middleware\BodyParsingMiddleware->process(Object(Slim\Psr7\Request), Object(Psr\Http\Server\RequestHandlerInterface@anonymous))
#11 C:\Apache24\htdocs\repair-service\vendor\slim\slim\Slim\Middleware\ErrorMiddleware.php(77): Psr\Http\Server\RequestHandlerInterface@anonymous->handle(Object(Slim\Psr7\Request))
#12 C:\Apache24\htdocs\repair-service\vendor\slim\slim\Slim\MiddlewareDispatcher.php(129): Slim\Middleware\ErrorMiddleware->process(Object(Slim\Psr7\Request), Object(Psr\Http\Server\RequestHandlerInterface@anonymous))
#13 C:\Apache24\htdocs\repair-service\vendor\slim\slim\Slim\MiddlewareDispatcher.php(73): Psr\Http\Server\RequestHandlerInterface@anonymous->handle(Object(Slim\Psr7\Request))
#14 C:\Apache24\htdocs\repair-service\vendor\slim\slim\Slim\App.php(209): Slim\MiddlewareDispatcher->handle(Object(Slim\Psr7\Request))
#15 C:\Apache24\htdocs\repair-service\vendor\slim\slim\Slim\App.php(193): Slim\App->handle(Object(Slim\Psr7\Request))
#16 C:\Apache24\htdocs\repair-service\public\index.php(112): Slim\App->run()
#17 {main}
[21-Feb-2026 12:21:26 Europe/Moscow] Slim Application Error
Type: TypeError
Code: 0
Message: App\Services\RequestService::takeRequest(): Argument #2 ($masterId) must be of type int, null given, called in C:\Apache24\htdocs\repair-service\app\controllers\RequestController.php on line 74
File: C:\Apache24\htdocs\repair-service\app\services\RequestService.php
Line: 65
Trace: #0 C:\Apache24\htdocs\repair-service\app\controllers\RequestController.php(74): App\Services\RequestService->takeRequest(2, NULL)
#1 C:\Apache24\htdocs\repair-service\vendor\slim\slim\Slim\Handlers\Strategies\RequestResponse.php(39): App\Controllers\RequestController->take(Object(Slim\Psr7\Request), Object(Slim\Psr7\Response), Array)
#2 C:\Apache24\htdocs\repair-service\vendor\slim\slim\Slim\Routing\Route.php(362): Slim\Handlers\Strategies\RequestResponse->__invoke(Array, Object(Slim\Psr7\Request), Object(Slim\Psr7\Response), Array)
#3 C:\Apache24\htdocs\repair-service\vendor\slim\slim\Slim\MiddlewareDispatcher.php(73): Slim\Routing\Route->handle(Object(Slim\Psr7\Request))
#4 C:\Apache24\htdocs\repair-service\vendor\slim\slim\Slim\MiddlewareDispatcher.php(73): Slim\MiddlewareDispatcher->handle(Object(Slim\Psr7\Request))
#5 C:\Apache24\htdocs\repair-service\vendor\slim\slim\Slim\Routing\Route.php(321): Slim\MiddlewareDispatcher->handle(Object(Slim\Psr7\Request))
#6 C:\Apache24\htdocs\repair-service\vendor\slim\slim\Slim\Routing\RouteRunner.php(74): Slim\Routing\Route->run(Object(Slim\Psr7\Request))
#7 C:\Apache24\htdocs\repair-service\app\middleware\SessionMiddleware.php(44): Slim\Routing\RouteRunner->handle(Object(Slim\Psr7\Request))
#8 C:\Apache24\htdocs\repair-service\vendor\slim\slim\Slim\MiddlewareDispatcher.php(283): App\Middleware\SessionMiddleware->__invoke(Object(Slim\Psr7\Request), Object(Slim\Routing\RouteRunner))
#9 C:\Apache24\htdocs\repair-service\vendor\slim\slim\Slim\Middleware\BodyParsingMiddleware.php(64): Psr\Http\Server\RequestHandlerInterface@anonymous->handle(Object(Slim\Psr7\Request))
#10 C:\Apache24\htdocs\repair-service\vendor\slim\slim\Slim\MiddlewareDispatcher.php(129): Slim\Middleware\BodyParsingMiddleware->process(Object(Slim\Psr7\Request), Object(Psr\Http\Server\RequestHandlerInterface@anonymous))
#11 C:\Apache24\htdocs\repair-service\vendor\slim\slim\Slim\Middleware\ErrorMiddleware.php(77): Psr\Http\Server\RequestHandlerInterface@anonymous->handle(Object(Slim\Psr7\Request))
#12 C:\Apache24\htdocs\repair-service\vendor\slim\slim\Slim\MiddlewareDispatcher.php(129): Slim\Middleware\ErrorMiddleware->process(Object(Slim\Psr7\Request), Object(Psr\Http\Server\RequestHandlerInterface@anonymous))
#13 C:\Apache24\htdocs\repair-service\vendor\slim\slim\Slim\MiddlewareDispatcher.php(73): Psr\Http\Server\RequestHandlerInterface@anonymous->handle(Object(Slim\Psr7\Request))
#14 C:\Apache24\htdocs\repair-service\vendor\slim\slim\Slim\App.php(209): Slim\MiddlewareDispatcher->handle(Object(Slim\Psr7\Request))
#15 C:\Apache24\htdocs\repair-service\vendor\slim\slim\Slim\App.php(193): Slim\App->handle(Object(Slim\Psr7\Request))
#16 C:\Apache24\htdocs\repair-service\public\index.php(112): Slim\App->run()
#17 {main}
[21-Feb-2026 12:21:26 Europe/Moscow] Slim Application Error
Type: TypeError
Code: 0
Message: App\Services\RequestService::takeRequest(): Argument #2 ($masterId) must be of type int, null given, called in C:\Apache24\htdocs\repair-service\app\controllers\RequestController.php on line 74
File: C:\Apache24\htdocs\repair-service\app\services\RequestService.php
Line: 65
Trace: #0 C:\Apache24\htdocs\repair-service\app\controllers\RequestController.php(74): App\Services\RequestService->takeRequest(2, NULL)
#1 C:\Apache24\htdocs\repair-service\vendor\slim\slim\Slim\Handlers\Strategies\RequestResponse.php(39): App\Controllers\RequestController->take(Object(Slim\Psr7\Request), Object(Slim\Psr7\Response), Array)
#2 C:\Apache24\htdocs\repair-service\vendor\slim\slim\Slim\Routing\Route.php(362): Slim\Handlers\Strategies\RequestResponse->__invoke(Array, Object(Slim\Psr7\Request), Object(Slim\Psr7\Response), Array)
#3 C:\Apache24\htdocs\repair-service\vendor\slim\slim\Slim\MiddlewareDispatcher.php(73): Slim\Routing\Route->handle(Object(Slim\Psr7\Request))
#4 C:\Apache24\htdocs\repair-service\vendor\slim\slim\Slim\MiddlewareDispatcher.php(73): Slim\MiddlewareDispatcher->handle(Object(Slim\Psr7\Request))
#5 C:\Apache24\htdocs\repair-service\vendor\slim\slim\Slim\Routing\Route.php(321): Slim\MiddlewareDispatcher->handle(Object(Slim\Psr7\Request))
#6 C:\Apache24\htdocs\repair-service\vendor\slim\slim\Slim\Routing\RouteRunner.php(74): Slim\Routing\Route->run(Object(Slim\Psr7\Request))
#7 C:\Apache24\htdocs\repair-service\app\middleware\SessionMiddleware.php(44): Slim\Routing\RouteRunner->handle(Object(Slim\Psr7\Request))
#8 C:\Apache24\htdocs\repair-service\vendor\slim\slim\Slim\MiddlewareDispatcher.php(283): App\Middleware\SessionMiddleware->__invoke(Object(Slim\Psr7\Request), Object(Slim\Routing\RouteRunner))
#9 C:\Apache24\htdocs\repair-service\vendor\slim\slim\Slim\Middleware\BodyParsingMiddleware.php(64): Psr\Http\Server\RequestHandlerInterface@anonymous->handle(Object(Slim\Psr7\Request))
#10 C:\Apache24\htdocs\repair-service\vendor\slim\slim\Slim\MiddlewareDispatcher.php(129): Slim\Middleware\BodyParsingMiddleware->process(Object(Slim\Psr7\Request), Object(Psr\Http\Server\RequestHandlerInterface@anonymous))
#11 C:\Apache24\htdocs\repair-service\vendor\slim\slim\Slim\Middleware\ErrorMiddleware.php(77): Psr\Http\Server\RequestHandlerInterface@anonymous->handle(Object(Slim\Psr7\Request))
#12 C:\Apache24\htdocs\repair-service\vendor\slim\slim\Slim\MiddlewareDispatcher.php(129): Slim\Middleware\ErrorMiddleware->process(Object(Slim\Psr7\Request), Object(Psr\Http\Server\RequestHandlerInterface@anonymous))
#13 C:\Apache24\htdocs\repair-service\vendor\slim\slim\Slim\MiddlewareDispatcher.php(73): Psr\Http\Server\RequestHandlerInterface@anonymous->handle(Object(Slim\Psr7\Request))
#14 C:\Apache24\htdocs\repair-service\vendor\slim\slim\Slim\App.php(209): Slim\MiddlewareDispatcher->handle(Object(Slim\Psr7\Request))
#15 C:\Apache24\htdocs\repair-service\vendor\slim\slim\Slim\App.php(193): Slim\App->handle(Object(Slim\Psr7\Request))
#16 C:\Apache24\htdocs\repair-service\public\index.php(112): Slim\App->run()
#17 {main}
